1551560995439	mozrunner::runner	INFO	Running command: "C:\\Program Files\\Mozilla Firefox\\firefox.exe" "-marionette" "-headless" "-headless" "-foreground" "-no-remote" "-profile" "C:\\Users\\hp\\AppData\\Local\\Temp\\rust_mozprofile.D7qGaBpm1lOV"
*** You are running in headless mode.
1551560996902	addons.webextension.screenshots@mozilla.org	WARN	Loading extension 'screenshots@mozilla.org': Reading manifest: Invalid host permission: resource://pdf.js/
1551560996903	addons.webextension.screenshots@mozilla.org	WARN	Loading extension 'screenshots@mozilla.org': Reading manifest: Invalid host permission: about:reader*
1551561011737	Marionette	INFO	Listening on port 60593
[Parent 57000, Gecko_IOThread] WARNING: pipe error: 109: file z:/build/build/src/ipc/chExiting due to channel error.
annel_win.cc, line 332
1551561011835	Marionette	WARN	TLS certificate errors will be ignored for this session
console.error: BroadcastService: 
  receivedBroadcastMessage: handler for
  remote-settings/monitor_changes
  threw error:
  Message: Error: Polling for changes failed: NetworkError when attempting to fetch resource..
  Stack:
    remoteSettingsFunction/remoteSettings.pollChanges@resource://services-settings/remote-settings.js:188:13

3b,5b8e4abd-3003-4c7a-a64a-bbec24f9878c, line 1: Error: WebGL warning: <SetDimensions>: Failed to create WebGL context: WebGL creation failed: 
Exiting due to channel error.
ode (https://bugzil.la/1375585).
JavaScript warning: https://ismatlab.com/cp/public/js/cp.js?id_adm=778b5149921c4ce28760c7da6abfe829&sys=10012424.UA&smpl=on&banner_id=ab76e173-09f1-4730-9b3c-02309c81873b,5b8e4abd-3003-4c7a-a64a-bbec24f9878c, line 1: Error: WebGL warning: <SetDimensions>: Can't use WebGL in headless mode (https://bugzil.la/1375585).
JavaScript warning: https://ismatlab.com/cp/public/js/cp.js?id_adm=778b5149921c4ce28760c7da6abfe829&sys=10012424.UA&smpl=on&banner_id=ab76e173-09f1-4730-9b3c-02309c81873b,5b8e4abd-3003-4c7a-a64a-bbec24f9878c, line 1: Error: WebGL warning: <SetDimensions>: Failed to create WebGL context: WebGL creation failed: 
* Can't use WebGL in headless mode (https://bugzil.la/1375585).
JavaScript warning: https://ismatlab.com/cp/public/js/cp.js?id_adm=778b5149921c4ce28760c7da6abfe829&sys=10012424.UA&smpl=on&banner_id=ab76e173-09f1-4730-9b3c-02309c81873b,5b8e4abd-3003-4c7a-a64a-bbec24f9878c, line 1: Error: WebGL warning: <SetDimensions>: Can't use WebGL in headless mode (https://bugzil.la/1375585).
JavaScript warning: https://ismatlab.com/cp/public/js/cp.js?id_adm=778b5149921c4ce28760c7da6abfe829&sys=10012424.UA&smpl=on&banner_id=ab76e173-09f1-4730-9b3c-02309c81873b,5b8e4abd-3003-4c7a-a64a-bbec24f9878c, line 1: Error: WebGL warning: <SetDimensions>: Failed to create WebGL context: WebGL creation failed: 
* Can't use WebGL in headless mode (https://bugzil.la/1375585).
JavaScript warning: https://ismatlab.com/cp/public/js/cp.js?id_adm=778b5149921c4ce28760c7da6abfe829&sys=10012424.UA&smpl=on&banner_id=ab76e173-09f1-4730-9b3c-02309c81873b,5b8e4abd-3003-4c7a-a64a-bbec24f9878c, line 1: Error: WebGL warning: <SetDimensions>: Can't use WebGL in headless mode (https://bugzil.la/1375585).
JavaScript warning: https://ismatlab.com/cp/public/js/cp.js?id_adm=778b5149921c4ce28760c7da6abfe829&sys=10012424.UA&smpl=on&banner_id=ab76e173-09f1-4730-9b3c-02309c81873b,5b8e4abd-3003-4c7a-a64a-bbec24f9878c, line 1: Error: WebGL warning: <SetDimensions>: Failed to create WebGL context: WebGL creation failed: 
* Can't use WebGL in headless mode (https://bugzil.la/1375585).
JavaScript error: https://ismatlab.com/cp/public/js/cp.js?id_adm=778b5149921c4ce28760c7da6abfe829&sys=10012424.UA&smpl=on&banner_id=ab76e173-09f1-4730-9b3c-02309c81873b,5b8e4abd-3003-4c7a-a64a-bbec24f9878c, line 1: TypeError: e.filter(...)[0] is undefined
console.error: BroadcastService: 
  receivedBroadcastMessage: handler for
  remote-settings/monitor_changes
  threw error:
  Message: Error: Polling for changes failed: NetworkError when attempting to fetch resource..
  Stack:
    remoteSettingsFunction/remoteSettings.pollChanges@resource://services-settings/remote-settings.js:188:13

[Parent 55676, Gecko_IOThread] WARNING: pipe error: 109: file z:/build/build/src/ipc/chromium/src/chrome/common/ipc_channel_win.cc, line 332
